Picked up _JAVA_OPTIONS: -Xmx512m
Started analysis of Hw1-1a.txt.gz
Approx 5% complete for Hw1-1a.txt.gz
Approx 10% complete for Hw1-1a.txt.gz
Approx 15% complete for Hw1-1a.txt.gz
Approx 20% complete for Hw1-1a.txt.gz
Approx 25% complete for Hw1-1a.txt.gz
Approx 30% complete for Hw1-1a.txt.gz
Approx 35% complete for Hw1-1a.txt.gz
Approx 40% complete for Hw1-1a.txt.gz
Approx 45% complete for Hw1-1a.txt.gz
Approx 50% complete for Hw1-1a.txt.gz
Approx 55% complete for Hw1-1a.txt.gz
Approx 60% complete for Hw1-1a.txt.gz
Approx 65% complete for Hw1-1a.txt.gz
Approx 70% complete for Hw1-1a.txt.gz
Approx 75% complete for Hw1-1a.txt.gz
Approx 80% complete for Hw1-1a.txt.gz
Approx 85% complete for Hw1-1a.txt.gz
Approx 90% complete for Hw1-1a.txt.gz
Approx 95% complete for Hw1-1a.txt.gz
Started analysis of Hw1-1b.txt.gz
Approx 5% complete for Hw1-1b.txt.gz
Approx 10% complete for Hw1-1b.txt.gz
Approx 15% complete for Hw1-1b.txt.gz
Approx 20% complete for Hw1-1b.txt.gz
Approx 25% complete for Hw1-1b.txt.gz
Approx 30% complete for Hw1-1b.txt.gz
Approx 35% complete for Hw1-1b.txt.gz
Approx 40% complete for Hw1-1b.txt.gz
Approx 45% complete for Hw1-1b.txt.gz
Approx 50% complete for Hw1-1b.txt.gz
Approx 55% complete for Hw1-1b.txt.gz
Approx 60% complete for Hw1-1b.txt.gz
Approx 65% complete for Hw1-1b.txt.gz
Approx 70% complete for Hw1-1b.txt.gz
Approx 75% complete for Hw1-1b.txt.gz
Approx 80% complete for Hw1-1b.txt.gz
Approx 85% complete for Hw1-1b.txt.gz
Approx 90% complete for Hw1-1b.txt.gz
Approx 95% complete for Hw1-1b.txt.gz
Started analysis of Hw1-1c.txt.gz
Approx 5% complete for Hw1-1c.txt.gz
Approx 10% complete for Hw1-1c.txt.gz
Approx 15% complete for Hw1-1c.txt.gz
Approx 20% complete for Hw1-1c.txt.gz
Approx 25% complete for Hw1-1c.txt.gz
Approx 30% complete for Hw1-1c.txt.gz
Approx 35% complete for Hw1-1c.txt.gz
Approx 40% complete for Hw1-1c.txt.gz
Approx 45% complete for Hw1-1c.txt.gz
Approx 50% complete for Hw1-1c.txt.gz
Approx 55% complete for Hw1-1c.txt.gz
Approx 60% complete for Hw1-1c.txt.gz
Approx 65% complete for Hw1-1c.txt.gz
Approx 70% complete for Hw1-1c.txt.gz
Approx 75% complete for Hw1-1c.txt.gz
Approx 80% complete for Hw1-1c.txt.gz
Approx 85% complete for Hw1-1c.txt.gz
Approx 90% complete for Hw1-1c.txt.gz
Approx 95% complete for Hw1-1c.txt.gz
Started analysis of Hw1-4a.txt.gz
Approx 5% complete for Hw1-4a.txt.gz
Approx 10% complete for Hw1-4a.txt.gz
Approx 15% complete for Hw1-4a.txt.gz
Approx 20% complete for Hw1-4a.txt.gz
Approx 25% complete for Hw1-4a.txt.gz
Approx 30% complete for Hw1-4a.txt.gz
Approx 35% complete for Hw1-4a.txt.gz
Approx 40% complete for Hw1-4a.txt.gz
Approx 45% complete for Hw1-4a.txt.gz
Approx 50% complete for Hw1-4a.txt.gz
Approx 55% complete for Hw1-4a.txt.gz
Approx 60% complete for Hw1-4a.txt.gz
Approx 65% complete for Hw1-4a.txt.gz
Approx 70% complete for Hw1-4a.txt.gz
Approx 75% complete for Hw1-4a.txt.gz
Approx 80% complete for Hw1-4a.txt.gz
Approx 85% complete for Hw1-4a.txt.gz
Approx 90% complete for Hw1-4a.txt.gz
Approx 95% complete for Hw1-4a.txt.gz
Started analysis of Hw1-4b.txt.gz
Approx 5% complete for Hw1-4b.txt.gz
Approx 10% complete for Hw1-4b.txt.gz
Approx 15% complete for Hw1-4b.txt.gz
Approx 20% complete for Hw1-4b.txt.gz
Approx 25% complete for Hw1-4b.txt.gz
Approx 30% complete for Hw1-4b.txt.gz
Approx 35% complete for Hw1-4b.txt.gz
Approx 40% complete for Hw1-4b.txt.gz
Approx 45% complete for Hw1-4b.txt.gz
Approx 50% complete for Hw1-4b.txt.gz
Approx 55% complete for Hw1-4b.txt.gz
Approx 60% complete for Hw1-4b.txt.gz
Approx 65% complete for Hw1-4b.txt.gz
Approx 70% complete for Hw1-4b.txt.gz
Approx 75% complete for Hw1-4b.txt.gz
Approx 80% complete for Hw1-4b.txt.gz
Approx 85% complete for Hw1-4b.txt.gz
Approx 90% complete for Hw1-4b.txt.gz
Approx 95% complete for Hw1-4b.txt.gz
Started analysis of Hw1-4c.txt.gz
Approx 5% complete for Hw1-4c.txt.gz
Approx 10% complete for Hw1-4c.txt.gz
Approx 15% complete for Hw1-4c.txt.gz
Approx 20% complete for Hw1-4c.txt.gz
Approx 25% complete for Hw1-4c.txt.gz
Approx 30% complete for Hw1-4c.txt.gz
Approx 35% complete for Hw1-4c.txt.gz
Approx 40% complete for Hw1-4c.txt.gz
Approx 45% complete for Hw1-4c.txt.gz
Approx 50% complete for Hw1-4c.txt.gz
Approx 55% complete for Hw1-4c.txt.gz
Approx 60% complete for Hw1-4c.txt.gz
Approx 65% complete for Hw1-4c.txt.gz
Approx 70% complete for Hw1-4c.txt.gz
Approx 75% complete for Hw1-4c.txt.gz
Approx 80% complete for Hw1-4c.txt.gz
Approx 85% complete for Hw1-4c.txt.gz
Approx 90% complete for Hw1-4c.txt.gz
Approx 95% complete for Hw1-4c.txt.gz
Started analysis of Hw1-5a.txt.gz
Approx 5% complete for Hw1-5a.txt.gz
Approx 10% complete for Hw1-5a.txt.gz
Approx 15% complete for Hw1-5a.txt.gz
Approx 20% complete for Hw1-5a.txt.gz
Approx 25% complete for Hw1-5a.txt.gz
Approx 30% complete for Hw1-5a.txt.gz
Approx 35% complete for Hw1-5a.txt.gz
Approx 40% complete for Hw1-5a.txt.gz
Approx 45% complete for Hw1-5a.txt.gz
Approx 50% complete for Hw1-5a.txt.gz
Approx 55% complete for Hw1-5a.txt.gz
Approx 60% complete for Hw1-5a.txt.gz
Approx 65% complete for Hw1-5a.txt.gz
Approx 70% complete for Hw1-5a.txt.gz
Approx 75% complete for Hw1-5a.txt.gz
Approx 80% complete for Hw1-5a.txt.gz
Approx 85% complete for Hw1-5a.txt.gz
Approx 90% complete for Hw1-5a.txt.gz
Approx 95% complete for Hw1-5a.txt.gz
Started analysis of Hw1-5b.txt.gz
Approx 5% complete for Hw1-5b.txt.gz
Approx 10% complete for Hw1-5b.txt.gz
Approx 15% complete for Hw1-5b.txt.gz
Approx 20% complete for Hw1-5b.txt.gz
Approx 25% complete for Hw1-5b.txt.gz
Approx 30% complete for Hw1-5b.txt.gz
Approx 35% complete for Hw1-5b.txt.gz
Approx 40% complete for Hw1-5b.txt.gz
Approx 45% complete for Hw1-5b.txt.gz
Approx 50% complete for Hw1-5b.txt.gz
Approx 55% complete for Hw1-5b.txt.gz
Approx 60% complete for Hw1-5b.txt.gz
Approx 65% complete for Hw1-5b.txt.gz
Approx 70% complete for Hw1-5b.txt.gz
Approx 75% complete for Hw1-5b.txt.gz
Approx 80% complete for Hw1-5b.txt.gz
Approx 85% complete for Hw1-5b.txt.gz
Approx 90% complete for Hw1-5b.txt.gz
Approx 95% complete for Hw1-5b.txt.gz
Started analysis of Hw1-5c.txt.gz
Approx 5% complete for Hw1-5c.txt.gz
Approx 10% complete for Hw1-5c.txt.gz
Approx 15% complete for Hw1-5c.txt.gz
Approx 20% complete for Hw1-5c.txt.gz
Approx 25% complete for Hw1-5c.txt.gz
Approx 30% complete for Hw1-5c.txt.gz
Approx 35% complete for Hw1-5c.txt.gz
Approx 40% complete for Hw1-5c.txt.gz
Approx 45% complete for Hw1-5c.txt.gz
Approx 50% complete for Hw1-5c.txt.gz
Approx 55% complete for Hw1-5c.txt.gz
Approx 60% complete for Hw1-5c.txt.gz
Approx 65% complete for Hw1-5c.txt.gz
Approx 70% complete for Hw1-5c.txt.gz
Approx 75% complete for Hw1-5c.txt.gz
Approx 80% complete for Hw1-5c.txt.gz
Approx 85% complete for Hw1-5c.txt.gz
Approx 90% complete for Hw1-5c.txt.gz
Approx 95% complete for Hw1-5c.txt.gz
Started analysis of Hw1-6a.txt.gz
Approx 5% complete for Hw1-6a.txt.gz
Approx 10% complete for Hw1-6a.txt.gz
Approx 15% complete for Hw1-6a.txt.gz
Approx 20% complete for Hw1-6a.txt.gz
Approx 25% complete for Hw1-6a.txt.gz
Approx 30% complete for Hw1-6a.txt.gz
Approx 35% complete for Hw1-6a.txt.gz
Approx 40% complete for Hw1-6a.txt.gz
Approx 45% complete for Hw1-6a.txt.gz
Approx 50% complete for Hw1-6a.txt.gz
Approx 55% complete for Hw1-6a.txt.gz
Approx 60% complete for Hw1-6a.txt.gz
Approx 65% complete for Hw1-6a.txt.gz
Approx 70% complete for Hw1-6a.txt.gz
Approx 75% complete for Hw1-6a.txt.gz
Approx 80% complete for Hw1-6a.txt.gz
Approx 85% complete for Hw1-6a.txt.gz
Approx 90% complete for Hw1-6a.txt.gz
Approx 95% complete for Hw1-6a.txt.gz
Started analysis of Hw1-6b.txt.gz
Approx 5% complete for Hw1-6b.txt.gz
Approx 10% complete for Hw1-6b.txt.gz
Approx 15% complete for Hw1-6b.txt.gz
Approx 20% complete for Hw1-6b.txt.gz
Approx 25% complete for Hw1-6b.txt.gz
Approx 30% complete for Hw1-6b.txt.gz
Approx 35% complete for Hw1-6b.txt.gz
Approx 40% complete for Hw1-6b.txt.gz
Approx 45% complete for Hw1-6b.txt.gz
Approx 50% complete for Hw1-6b.txt.gz
Approx 55% complete for Hw1-6b.txt.gz
Approx 60% complete for Hw1-6b.txt.gz
Approx 65% complete for Hw1-6b.txt.gz
Approx 70% complete for Hw1-6b.txt.gz
Approx 75% complete for Hw1-6b.txt.gz
Approx 80% complete for Hw1-6b.txt.gz
Approx 85% complete for Hw1-6b.txt.gz
Approx 90% complete for Hw1-6b.txt.gz
Approx 95% complete for Hw1-6b.txt.gz
Started analysis of Hw1-6c.txt.gz
Approx 5% complete for Hw1-6c.txt.gz
Approx 10% complete for Hw1-6c.txt.gz
Approx 15% complete for Hw1-6c.txt.gz
Approx 20% complete for Hw1-6c.txt.gz
Approx 25% complete for Hw1-6c.txt.gz
Approx 30% complete for Hw1-6c.txt.gz
Approx 35% complete for Hw1-6c.txt.gz
Approx 40% complete for Hw1-6c.txt.gz
Approx 45% complete for Hw1-6c.txt.gz
Approx 50% complete for Hw1-6c.txt.gz
Approx 55% complete for Hw1-6c.txt.gz
Approx 60% complete for Hw1-6c.txt.gz
Approx 65% complete for Hw1-6c.txt.gz
Approx 70% complete for Hw1-6c.txt.gz
Approx 75% complete for Hw1-6c.txt.gz
Approx 80% complete for Hw1-6c.txt.gz
Approx 85% complete for Hw1-6c.txt.gz
Approx 90% complete for Hw1-6c.txt.gz
Approx 95% complete for Hw1-6c.txt.gz
Started analysis of Hw2-1a.txt.gz
Approx 5% complete for Hw2-1a.txt.gz
Approx 10% complete for Hw2-1a.txt.gz
Approx 15% complete for Hw2-1a.txt.gz
Approx 20% complete for Hw2-1a.txt.gz
Approx 25% complete for Hw2-1a.txt.gz
Approx 30% complete for Hw2-1a.txt.gz
Approx 35% complete for Hw2-1a.txt.gz
Approx 40% complete for Hw2-1a.txt.gz
Approx 45% complete for Hw2-1a.txt.gz
Approx 50% complete for Hw2-1a.txt.gz
Approx 55% complete for Hw2-1a.txt.gz
Approx 60% complete for Hw2-1a.txt.gz
Approx 65% complete for Hw2-1a.txt.gz
Approx 70% complete for Hw2-1a.txt.gz
Approx 75% complete for Hw2-1a.txt.gz
Approx 80% complete for Hw2-1a.txt.gz
Approx 85% complete for Hw2-1a.txt.gz
Approx 90% complete for Hw2-1a.txt.gz
Approx 95% complete for Hw2-1a.txt.gz
Started analysis of Hw2-1b.txt.gz
Approx 5% complete for Hw2-1b.txt.gz
Approx 10% complete for Hw2-1b.txt.gz
Approx 15% complete for Hw2-1b.txt.gz
Approx 20% complete for Hw2-1b.txt.gz
Approx 25% complete for Hw2-1b.txt.gz
Approx 30% complete for Hw2-1b.txt.gz
Approx 35% complete for Hw2-1b.txt.gz
Approx 40% complete for Hw2-1b.txt.gz
Approx 45% complete for Hw2-1b.txt.gz
Approx 50% complete for Hw2-1b.txt.gz
Approx 55% complete for Hw2-1b.txt.gz
Approx 60% complete for Hw2-1b.txt.gz
Approx 65% complete for Hw2-1b.txt.gz
Approx 70% complete for Hw2-1b.txt.gz
Approx 75% complete for Hw2-1b.txt.gz
Approx 80% complete for Hw2-1b.txt.gz
Approx 85% complete for Hw2-1b.txt.gz
Approx 90% complete for Hw2-1b.txt.gz
Approx 95% complete for Hw2-1b.txt.gz
Started analysis of Hw2-1c.txt.gz
Approx 5% complete for Hw2-1c.txt.gz
Approx 10% complete for Hw2-1c.txt.gz
Approx 15% complete for Hw2-1c.txt.gz
Approx 20% complete for Hw2-1c.txt.gz
Approx 25% complete for Hw2-1c.txt.gz
Approx 30% complete for Hw2-1c.txt.gz
Approx 35% complete for Hw2-1c.txt.gz
Approx 40% complete for Hw2-1c.txt.gz
Approx 45% complete for Hw2-1c.txt.gz
Approx 50% complete for Hw2-1c.txt.gz
Approx 55% complete for Hw2-1c.txt.gz
Approx 60% complete for Hw2-1c.txt.gz
Approx 65% complete for Hw2-1c.txt.gz
Approx 70% complete for Hw2-1c.txt.gz
Approx 75% complete for Hw2-1c.txt.gz
Approx 80% complete for Hw2-1c.txt.gz
Approx 85% complete for Hw2-1c.txt.gz
Approx 90% complete for Hw2-1c.txt.gz
Approx 95% complete for Hw2-1c.txt.gz
Started analysis of Hw2-4a.txt.gz
Approx 5% complete for Hw2-4a.txt.gz
Approx 10% complete for Hw2-4a.txt.gz
Approx 15% complete for Hw2-4a.txt.gz
Approx 20% complete for Hw2-4a.txt.gz
Approx 25% complete for Hw2-4a.txt.gz
Approx 30% complete for Hw2-4a.txt.gz
Approx 35% complete for Hw2-4a.txt.gz
Approx 40% complete for Hw2-4a.txt.gz
Approx 45% complete for Hw2-4a.txt.gz
Approx 50% complete for Hw2-4a.txt.gz
Approx 55% complete for Hw2-4a.txt.gz
Approx 60% complete for Hw2-4a.txt.gz
Approx 65% complete for Hw2-4a.txt.gz
Approx 70% complete for Hw2-4a.txt.gz
Approx 75% complete for Hw2-4a.txt.gz
Approx 80% complete for Hw2-4a.txt.gz
Approx 85% complete for Hw2-4a.txt.gz
Approx 90% complete for Hw2-4a.txt.gz
Approx 95% complete for Hw2-4a.txt.gz
Started analysis of Hw2-4b.txt.gz
Approx 5% complete for Hw2-4b.txt.gz
Approx 10% complete for Hw2-4b.txt.gz
Approx 15% complete for Hw2-4b.txt.gz
Approx 20% complete for Hw2-4b.txt.gz
Approx 25% complete for Hw2-4b.txt.gz
Approx 30% complete for Hw2-4b.txt.gz
Approx 35% complete for Hw2-4b.txt.gz
Approx 40% complete for Hw2-4b.txt.gz
Approx 45% complete for Hw2-4b.txt.gz
Approx 50% complete for Hw2-4b.txt.gz
Approx 55% complete for Hw2-4b.txt.gz
Approx 60% complete for Hw2-4b.txt.gz
Approx 65% complete for Hw2-4b.txt.gz
Approx 70% complete for Hw2-4b.txt.gz
Approx 75% complete for Hw2-4b.txt.gz
Approx 80% complete for Hw2-4b.txt.gz
Approx 85% complete for Hw2-4b.txt.gz
Approx 90% complete for Hw2-4b.txt.gz
Approx 95% complete for Hw2-4b.txt.gz
Started analysis of Hw2-4c.txt.gz
Approx 5% complete for Hw2-4c.txt.gz
Approx 10% complete for Hw2-4c.txt.gz
Approx 15% complete for Hw2-4c.txt.gz
Approx 20% complete for Hw2-4c.txt.gz
Approx 25% complete for Hw2-4c.txt.gz
Approx 30% complete for Hw2-4c.txt.gz
Approx 35% complete for Hw2-4c.txt.gz
Approx 40% complete for Hw2-4c.txt.gz
Approx 45% complete for Hw2-4c.txt.gz
Approx 50% complete for Hw2-4c.txt.gz
Approx 55% complete for Hw2-4c.txt.gz
Approx 60% complete for Hw2-4c.txt.gz
Approx 65% complete for Hw2-4c.txt.gz
Approx 70% complete for Hw2-4c.txt.gz
Approx 75% complete for Hw2-4c.txt.gz
Approx 80% complete for Hw2-4c.txt.gz
Approx 85% complete for Hw2-4c.txt.gz
Approx 90% complete for Hw2-4c.txt.gz
Approx 95% complete for Hw2-4c.txt.gz
Started analysis of Hw2-5a.txt.gz
Approx 5% complete for Hw2-5a.txt.gz
Approx 10% complete for Hw2-5a.txt.gz
Approx 15% complete for Hw2-5a.txt.gz
Approx 20% complete for Hw2-5a.txt.gz
Approx 25% complete for Hw2-5a.txt.gz
Approx 30% complete for Hw2-5a.txt.gz
Approx 35% complete for Hw2-5a.txt.gz
Approx 40% complete for Hw2-5a.txt.gz
Approx 45% complete for Hw2-5a.txt.gz
Approx 50% complete for Hw2-5a.txt.gz
Approx 55% complete for Hw2-5a.txt.gz
Approx 60% complete for Hw2-5a.txt.gz
Approx 65% complete for Hw2-5a.txt.gz
Approx 70% complete for Hw2-5a.txt.gz
Approx 75% complete for Hw2-5a.txt.gz
Approx 80% complete for Hw2-5a.txt.gz
Approx 85% complete for Hw2-5a.txt.gz
Approx 90% complete for Hw2-5a.txt.gz
Approx 95% complete for Hw2-5a.txt.gz
Started analysis of Hw2-5b.txt.gz
Approx 5% complete for Hw2-5b.txt.gz
Approx 10% complete for Hw2-5b.txt.gz
Approx 15% complete for Hw2-5b.txt.gz
Approx 20% complete for Hw2-5b.txt.gz
Approx 25% complete for Hw2-5b.txt.gz
Approx 30% complete for Hw2-5b.txt.gz
Approx 35% complete for Hw2-5b.txt.gz
Approx 40% complete for Hw2-5b.txt.gz
Approx 45% complete for Hw2-5b.txt.gz
Approx 50% complete for Hw2-5b.txt.gz
Approx 55% complete for Hw2-5b.txt.gz
Approx 60% complete for Hw2-5b.txt.gz
Approx 65% complete for Hw2-5b.txt.gz
Approx 70% complete for Hw2-5b.txt.gz
Approx 75% complete for Hw2-5b.txt.gz
Approx 80% complete for Hw2-5b.txt.gz
Approx 85% complete for Hw2-5b.txt.gz
Approx 90% complete for Hw2-5b.txt.gz
Approx 95% complete for Hw2-5b.txt.gz
Started analysis of Hw2-5c.txt.gz
Approx 5% complete for Hw2-5c.txt.gz
Approx 10% complete for Hw2-5c.txt.gz
Approx 15% complete for Hw2-5c.txt.gz
Approx 20% complete for Hw2-5c.txt.gz
Approx 25% complete for Hw2-5c.txt.gz
Approx 30% complete for Hw2-5c.txt.gz
Approx 35% complete for Hw2-5c.txt.gz
Approx 40% complete for Hw2-5c.txt.gz
Approx 45% complete for Hw2-5c.txt.gz
Approx 50% complete for Hw2-5c.txt.gz
Approx 55% complete for Hw2-5c.txt.gz
Approx 60% complete for Hw2-5c.txt.gz
Approx 65% complete for Hw2-5c.txt.gz
Approx 70% complete for Hw2-5c.txt.gz
Approx 75% complete for Hw2-5c.txt.gz
Approx 80% complete for Hw2-5c.txt.gz
Approx 85% complete for Hw2-5c.txt.gz
Approx 90% complete for Hw2-5c.txt.gz
Approx 95% complete for Hw2-5c.txt.gz
Started analysis of Hw2-6b.txt.gz
Approx 5% complete for Hw2-6b.txt.gz
Approx 10% complete for Hw2-6b.txt.gz
Approx 15% complete for Hw2-6b.txt.gz
Approx 20% complete for Hw2-6b.txt.gz
Approx 25% complete for Hw2-6b.txt.gz
Approx 30% complete for Hw2-6b.txt.gz
Approx 35% complete for Hw2-6b.txt.gz
Approx 40% complete for Hw2-6b.txt.gz
Approx 45% complete for Hw2-6b.txt.gz
Approx 50% complete for Hw2-6b.txt.gz
Approx 55% complete for Hw2-6b.txt.gz
Approx 60% complete for Hw2-6b.txt.gz
Approx 65% complete for Hw2-6b.txt.gz
Approx 70% complete for Hw2-6b.txt.gz
Approx 75% complete for Hw2-6b.txt.gz
Approx 80% complete for Hw2-6b.txt.gz
Approx 85% complete for Hw2-6b.txt.gz
Approx 90% complete for Hw2-6b.txt.gz
Approx 95% complete for Hw2-6b.txt.gz
Started analysis of Hw2-6c.txt.gz
Approx 5% complete for Hw2-6c.txt.gz
Approx 10% complete for Hw2-6c.txt.gz
Approx 15% complete for Hw2-6c.txt.gz
Approx 20% complete for Hw2-6c.txt.gz
Approx 25% complete for Hw2-6c.txt.gz
Approx 30% complete for Hw2-6c.txt.gz
Approx 35% complete for Hw2-6c.txt.gz
Approx 40% complete for Hw2-6c.txt.gz
Approx 45% complete for Hw2-6c.txt.gz
Approx 50% complete for Hw2-6c.txt.gz
Approx 55% complete for Hw2-6c.txt.gz
Approx 60% complete for Hw2-6c.txt.gz
Approx 65% complete for Hw2-6c.txt.gz
Approx 70% complete for Hw2-6c.txt.gz
Approx 75% complete for Hw2-6c.txt.gz
Approx 80% complete for Hw2-6c.txt.gz
Approx 85% complete for Hw2-6c.txt.gz
Approx 90% complete for Hw2-6c.txt.gz
Approx 95% complete for Hw2-6c.txt.gz
Started analysis of Wt1-1a.txt.gz
Approx 5% complete for Wt1-1a.txt.gz
Approx 10% complete for Wt1-1a.txt.gz
Approx 15% complete for Wt1-1a.txt.gz
Approx 20% complete for Wt1-1a.txt.gz
Approx 25% complete for Wt1-1a.txt.gz
Approx 30% complete for Wt1-1a.txt.gz
Approx 35% complete for Wt1-1a.txt.gz
Approx 40% complete for Wt1-1a.txt.gz
Approx 45% complete for Wt1-1a.txt.gz
Approx 50% complete for Wt1-1a.txt.gz
Approx 55% complete for Wt1-1a.txt.gz
Approx 60% complete for Wt1-1a.txt.gz
Approx 65% complete for Wt1-1a.txt.gz
Approx 70% complete for Wt1-1a.txt.gz
Approx 75% complete for Wt1-1a.txt.gz
Approx 80% complete for Wt1-1a.txt.gz
Approx 85% complete for Wt1-1a.txt.gz
Approx 90% complete for Wt1-1a.txt.gz
Approx 95% complete for Wt1-1a.txt.gz
Started analysis of Wt1-1b.txt.gz
Approx 5% complete for Wt1-1b.txt.gz
Approx 10% complete for Wt1-1b.txt.gz
Approx 15% complete for Wt1-1b.txt.gz
Approx 20% complete for Wt1-1b.txt.gz
Approx 25% complete for Wt1-1b.txt.gz
Approx 30% complete for Wt1-1b.txt.gz
Approx 35% complete for Wt1-1b.txt.gz
Approx 40% complete for Wt1-1b.txt.gz
Approx 45% complete for Wt1-1b.txt.gz
Approx 50% complete for Wt1-1b.txt.gz
Approx 55% complete for Wt1-1b.txt.gz
Approx 60% complete for Wt1-1b.txt.gz
Approx 65% complete for Wt1-1b.txt.gz
Approx 70% complete for Wt1-1b.txt.gz
Approx 75% complete for Wt1-1b.txt.gz
Approx 80% complete for Wt1-1b.txt.gz
Approx 85% complete for Wt1-1b.txt.gz
Approx 90% complete for Wt1-1b.txt.gz
Approx 95% complete for Wt1-1b.txt.gz
Started analysis of Wt1-1c.txt.gz
Approx 5% complete for Wt1-1c.txt.gz
Approx 10% complete for Wt1-1c.txt.gz
Approx 15% complete for Wt1-1c.txt.gz
Approx 20% complete for Wt1-1c.txt.gz
Approx 25% complete for Wt1-1c.txt.gz
Approx 30% complete for Wt1-1c.txt.gz
Approx 35% complete for Wt1-1c.txt.gz
Approx 40% complete for Wt1-1c.txt.gz
Approx 45% complete for Wt1-1c.txt.gz
Approx 50% complete for Wt1-1c.txt.gz
Approx 55% complete for Wt1-1c.txt.gz
Approx 60% complete for Wt1-1c.txt.gz
Approx 65% complete for Wt1-1c.txt.gz
Approx 70% complete for Wt1-1c.txt.gz
Approx 75% complete for Wt1-1c.txt.gz
Approx 80% complete for Wt1-1c.txt.gz
Approx 85% complete for Wt1-1c.txt.gz
Approx 90% complete for Wt1-1c.txt.gz
Approx 95% complete for Wt1-1c.txt.gz
Started analysis of Wt1-4a.txt.gz
Approx 5% complete for Wt1-4a.txt.gz
Approx 10% complete for Wt1-4a.txt.gz
Approx 15% complete for Wt1-4a.txt.gz
Approx 20% complete for Wt1-4a.txt.gz
Approx 25% complete for Wt1-4a.txt.gz
Approx 30% complete for Wt1-4a.txt.gz
Approx 35% complete for Wt1-4a.txt.gz
Approx 40% complete for Wt1-4a.txt.gz
Approx 45% complete for Wt1-4a.txt.gz
Approx 50% complete for Wt1-4a.txt.gz
Approx 55% complete for Wt1-4a.txt.gz
Approx 60% complete for Wt1-4a.txt.gz
Approx 65% complete for Wt1-4a.txt.gz
Approx 70% complete for Wt1-4a.txt.gz
Approx 75% complete for Wt1-4a.txt.gz
Approx 80% complete for Wt1-4a.txt.gz
Approx 85% complete for Wt1-4a.txt.gz
Approx 90% complete for Wt1-4a.txt.gz
Approx 95% complete for Wt1-4a.txt.gz
Started analysis of Wt1-4b.txt.gz
Approx 5% complete for Wt1-4b.txt.gz
Approx 10% complete for Wt1-4b.txt.gz
Approx 15% complete for Wt1-4b.txt.gz
Approx 20% complete for Wt1-4b.txt.gz
Approx 25% complete for Wt1-4b.txt.gz
Approx 30% complete for Wt1-4b.txt.gz
Approx 35% complete for Wt1-4b.txt.gz
Approx 40% complete for Wt1-4b.txt.gz
Approx 45% complete for Wt1-4b.txt.gz
Approx 50% complete for Wt1-4b.txt.gz
Approx 55% complete for Wt1-4b.txt.gz
Approx 60% complete for Wt1-4b.txt.gz
Approx 65% complete for Wt1-4b.txt.gz
Approx 70% complete for Wt1-4b.txt.gz
Approx 75% complete for Wt1-4b.txt.gz
Approx 80% complete for Wt1-4b.txt.gz
Approx 85% complete for Wt1-4b.txt.gz
Approx 90% complete for Wt1-4b.txt.gz
Approx 95% complete for Wt1-4b.txt.gz
Started analysis of Wt1-4c.txt.gz
Approx 5% complete for Wt1-4c.txt.gz
Approx 10% complete for Wt1-4c.txt.gz
Approx 15% complete for Wt1-4c.txt.gz
Approx 20% complete for Wt1-4c.txt.gz
Approx 25% complete for Wt1-4c.txt.gz
Approx 30% complete for Wt1-4c.txt.gz
Approx 35% complete for Wt1-4c.txt.gz
Approx 40% complete for Wt1-4c.txt.gz
Approx 45% complete for Wt1-4c.txt.gz
Approx 50% complete for Wt1-4c.txt.gz
Approx 55% complete for Wt1-4c.txt.gz
Approx 60% complete for Wt1-4c.txt.gz
Approx 65% complete for Wt1-4c.txt.gz
Approx 70% complete for Wt1-4c.txt.gz
Approx 75% complete for Wt1-4c.txt.gz
Approx 80% complete for Wt1-4c.txt.gz
Approx 85% complete for Wt1-4c.txt.gz
Approx 90% complete for Wt1-4c.txt.gz
Approx 95% complete for Wt1-4c.txt.gz
Started analysis of Wt1-5a.txt.gz
Approx 5% complete for Wt1-5a.txt.gz
Approx 10% complete for Wt1-5a.txt.gz
Approx 15% complete for Wt1-5a.txt.gz
Approx 20% complete for Wt1-5a.txt.gz
Approx 25% complete for Wt1-5a.txt.gz
Approx 30% complete for Wt1-5a.txt.gz
Approx 35% complete for Wt1-5a.txt.gz
Approx 40% complete for Wt1-5a.txt.gz
Approx 45% complete for Wt1-5a.txt.gz
Approx 50% complete for Wt1-5a.txt.gz
Approx 55% complete for Wt1-5a.txt.gz
Approx 60% complete for Wt1-5a.txt.gz
Approx 65% complete for Wt1-5a.txt.gz
Approx 70% complete for Wt1-5a.txt.gz
Approx 75% complete for Wt1-5a.txt.gz
Approx 80% complete for Wt1-5a.txt.gz
Approx 85% complete for Wt1-5a.txt.gz
Approx 90% complete for Wt1-5a.txt.gz
Approx 95% complete for Wt1-5a.txt.gz
Started analysis of Wt1-5b.txt.gz
Approx 5% complete for Wt1-5b.txt.gz
Approx 10% complete for Wt1-5b.txt.gz
Approx 15% complete for Wt1-5b.txt.gz
Approx 20% complete for Wt1-5b.txt.gz
Approx 25% complete for Wt1-5b.txt.gz
Approx 30% complete for Wt1-5b.txt.gz
Approx 35% complete for Wt1-5b.txt.gz
Approx 40% complete for Wt1-5b.txt.gz
Approx 45% complete for Wt1-5b.txt.gz
Approx 50% complete for Wt1-5b.txt.gz
Approx 55% complete for Wt1-5b.txt.gz
Approx 60% complete for Wt1-5b.txt.gz
Approx 65% complete for Wt1-5b.txt.gz
Approx 70% complete for Wt1-5b.txt.gz
Approx 75% complete for Wt1-5b.txt.gz
Approx 80% complete for Wt1-5b.txt.gz
Approx 85% complete for Wt1-5b.txt.gz
Approx 90% complete for Wt1-5b.txt.gz
Approx 95% complete for Wt1-5b.txt.gz
Started analysis of Wt1-5c.txt.gz
Approx 5% complete for Wt1-5c.txt.gz
Approx 10% complete for Wt1-5c.txt.gz
Approx 15% complete for Wt1-5c.txt.gz
Approx 20% complete for Wt1-5c.txt.gz
Approx 25% complete for Wt1-5c.txt.gz
Approx 30% complete for Wt1-5c.txt.gz
Approx 35% complete for Wt1-5c.txt.gz
Approx 40% complete for Wt1-5c.txt.gz
Approx 45% complete for Wt1-5c.txt.gz
Approx 50% complete for Wt1-5c.txt.gz
Approx 55% complete for Wt1-5c.txt.gz
Approx 60% complete for Wt1-5c.txt.gz
Approx 65% complete for Wt1-5c.txt.gz
Approx 70% complete for Wt1-5c.txt.gz
Approx 75% complete for Wt1-5c.txt.gz
Approx 80% complete for Wt1-5c.txt.gz
Approx 85% complete for Wt1-5c.txt.gz
Approx 90% complete for Wt1-5c.txt.gz
Approx 95% complete for Wt1-5c.txt.gz
Started analysis of Wt1-6a.txt.gz
Approx 5% complete for Wt1-6a.txt.gz
Approx 10% complete for Wt1-6a.txt.gz
Approx 15% complete for Wt1-6a.txt.gz
Approx 20% complete for Wt1-6a.txt.gz
Approx 25% complete for Wt1-6a.txt.gz
Approx 30% complete for Wt1-6a.txt.gz
Approx 35% complete for Wt1-6a.txt.gz
Approx 40% complete for Wt1-6a.txt.gz
Approx 45% complete for Wt1-6a.txt.gz
Approx 50% complete for Wt1-6a.txt.gz
Approx 55% complete for Wt1-6a.txt.gz
Approx 60% complete for Wt1-6a.txt.gz
Approx 65% complete for Wt1-6a.txt.gz
Approx 70% complete for Wt1-6a.txt.gz
Approx 75% complete for Wt1-6a.txt.gz
Approx 80% complete for Wt1-6a.txt.gz
Approx 85% complete for Wt1-6a.txt.gz
Approx 90% complete for Wt1-6a.txt.gz
Approx 95% complete for Wt1-6a.txt.gz
Started analysis of Wt1-6b.txt.gz
Approx 5% complete for Wt1-6b.txt.gz
Approx 10% complete for Wt1-6b.txt.gz
Approx 15% complete for Wt1-6b.txt.gz
Approx 20% complete for Wt1-6b.txt.gz
Approx 25% complete for Wt1-6b.txt.gz
Approx 30% complete for Wt1-6b.txt.gz
Approx 35% complete for Wt1-6b.txt.gz
Approx 40% complete for Wt1-6b.txt.gz
Approx 45% complete for Wt1-6b.txt.gz
Approx 50% complete for Wt1-6b.txt.gz
Approx 55% complete for Wt1-6b.txt.gz
Approx 60% complete for Wt1-6b.txt.gz
Approx 65% complete for Wt1-6b.txt.gz
Approx 70% complete for Wt1-6b.txt.gz
Approx 75% complete for Wt1-6b.txt.gz
Approx 80% complete for Wt1-6b.txt.gz
Approx 85% complete for Wt1-6b.txt.gz
Approx 90% complete for Wt1-6b.txt.gz
Approx 95% complete for Wt1-6b.txt.gz
Started analysis of Wt1-6c.txt.gz
Approx 5% complete for Wt1-6c.txt.gz
Approx 10% complete for Wt1-6c.txt.gz
Approx 15% complete for Wt1-6c.txt.gz
Approx 20% complete for Wt1-6c.txt.gz
Approx 25% complete for Wt1-6c.txt.gz
Approx 30% complete for Wt1-6c.txt.gz
Approx 35% complete for Wt1-6c.txt.gz
Approx 40% complete for Wt1-6c.txt.gz
Approx 45% complete for Wt1-6c.txt.gz
Approx 50% complete for Wt1-6c.txt.gz
Approx 55% complete for Wt1-6c.txt.gz
Approx 60% complete for Wt1-6c.txt.gz
Approx 65% complete for Wt1-6c.txt.gz
Approx 70% complete for Wt1-6c.txt.gz
Approx 75% complete for Wt1-6c.txt.gz
Approx 80% complete for Wt1-6c.txt.gz
Approx 85% complete for Wt1-6c.txt.gz
Approx 90% complete for Wt1-6c.txt.gz
Approx 95% complete for Wt1-6c.txt.gz
Started analysis of Wt2-1a.txt.gz
Approx 5% complete for Wt2-1a.txt.gz
Approx 10% complete for Wt2-1a.txt.gz
Approx 15% complete for Wt2-1a.txt.gz
Approx 20% complete for Wt2-1a.txt.gz
Approx 25% complete for Wt2-1a.txt.gz
Approx 30% complete for Wt2-1a.txt.gz
Approx 35% complete for Wt2-1a.txt.gz
Approx 40% complete for Wt2-1a.txt.gz
Approx 45% complete for Wt2-1a.txt.gz
Approx 50% complete for Wt2-1a.txt.gz
Approx 55% complete for Wt2-1a.txt.gz
Approx 60% complete for Wt2-1a.txt.gz
Approx 65% complete for Wt2-1a.txt.gz
Approx 70% complete for Wt2-1a.txt.gz
Approx 75% complete for Wt2-1a.txt.gz
Approx 80% complete for Wt2-1a.txt.gz
Approx 85% complete for Wt2-1a.txt.gz
Approx 90% complete for Wt2-1a.txt.gz
Approx 95% complete for Wt2-1a.txt.gz
Started analysis of Wt2-1b.txt.gz
Approx 5% complete for Wt2-1b.txt.gz
Approx 10% complete for Wt2-1b.txt.gz
Approx 15% complete for Wt2-1b.txt.gz
Approx 20% complete for Wt2-1b.txt.gz
Approx 25% complete for Wt2-1b.txt.gz
Approx 30% complete for Wt2-1b.txt.gz
Approx 35% complete for Wt2-1b.txt.gz
Approx 40% complete for Wt2-1b.txt.gz
Approx 45% complete for Wt2-1b.txt.gz
Approx 50% complete for Wt2-1b.txt.gz
Approx 55% complete for Wt2-1b.txt.gz
Approx 60% complete for Wt2-1b.txt.gz
Approx 65% complete for Wt2-1b.txt.gz
Approx 70% complete for Wt2-1b.txt.gz
Approx 75% complete for Wt2-1b.txt.gz
Approx 80% complete for Wt2-1b.txt.gz
Approx 85% complete for Wt2-1b.txt.gz
Approx 90% complete for Wt2-1b.txt.gz
Approx 95% complete for Wt2-1b.txt.gz
Started analysis of Wt2-1c.txt.gz
Approx 5% complete for Wt2-1c.txt.gz
Approx 10% complete for Wt2-1c.txt.gz
Approx 15% complete for Wt2-1c.txt.gz
Approx 20% complete for Wt2-1c.txt.gz
Approx 25% complete for Wt2-1c.txt.gz
Approx 30% complete for Wt2-1c.txt.gz
Approx 35% complete for Wt2-1c.txt.gz
Approx 40% complete for Wt2-1c.txt.gz
Approx 45% complete for Wt2-1c.txt.gz
Approx 50% complete for Wt2-1c.txt.gz
Approx 55% complete for Wt2-1c.txt.gz
Approx 60% complete for Wt2-1c.txt.gz
Approx 65% complete for Wt2-1c.txt.gz
Approx 70% complete for Wt2-1c.txt.gz
Approx 75% complete for Wt2-1c.txt.gz
Approx 80% complete for Wt2-1c.txt.gz
Approx 85% complete for Wt2-1c.txt.gz
Approx 90% complete for Wt2-1c.txt.gz
Approx 95% complete for Wt2-1c.txt.gz
Started analysis of Wt2-4a.txt.gz
Approx 5% complete for Wt2-4a.txt.gz
Approx 10% complete for Wt2-4a.txt.gz
Approx 15% complete for Wt2-4a.txt.gz
Approx 20% complete for Wt2-4a.txt.gz
Approx 25% complete for Wt2-4a.txt.gz
Approx 30% complete for Wt2-4a.txt.gz
Approx 35% complete for Wt2-4a.txt.gz
Approx 40% complete for Wt2-4a.txt.gz
Approx 45% complete for Wt2-4a.txt.gz
Approx 50% complete for Wt2-4a.txt.gz
Approx 55% complete for Wt2-4a.txt.gz
Approx 60% complete for Wt2-4a.txt.gz
Approx 65% complete for Wt2-4a.txt.gz
Approx 70% complete for Wt2-4a.txt.gz
Approx 75% complete for Wt2-4a.txt.gz
Approx 80% complete for Wt2-4a.txt.gz
Approx 85% complete for Wt2-4a.txt.gz
Approx 90% complete for Wt2-4a.txt.gz
Approx 95% complete for Wt2-4a.txt.gz
Started analysis of Wt2-4b.txt.gz
Approx 5% complete for Wt2-4b.txt.gz
Approx 10% complete for Wt2-4b.txt.gz
Approx 15% complete for Wt2-4b.txt.gz
Approx 20% complete for Wt2-4b.txt.gz
Approx 25% complete for Wt2-4b.txt.gz
Approx 30% complete for Wt2-4b.txt.gz
Approx 35% complete for Wt2-4b.txt.gz
Approx 40% complete for Wt2-4b.txt.gz
Approx 45% complete for Wt2-4b.txt.gz
Approx 50% complete for Wt2-4b.txt.gz
Approx 55% complete for Wt2-4b.txt.gz
Approx 60% complete for Wt2-4b.txt.gz
Approx 65% complete for Wt2-4b.txt.gz
Approx 70% complete for Wt2-4b.txt.gz
Approx 75% complete for Wt2-4b.txt.gz
Approx 80% complete for Wt2-4b.txt.gz
Approx 85% complete for Wt2-4b.txt.gz
Approx 90% complete for Wt2-4b.txt.gz
Approx 95% complete for Wt2-4b.txt.gz
Started analysis of Wt2-4c.txt.gz
Approx 5% complete for Wt2-4c.txt.gz
Approx 10% complete for Wt2-4c.txt.gz
Approx 15% complete for Wt2-4c.txt.gz
Approx 20% complete for Wt2-4c.txt.gz
Approx 25% complete for Wt2-4c.txt.gz
Approx 30% complete for Wt2-4c.txt.gz
Approx 35% complete for Wt2-4c.txt.gz
Approx 40% complete for Wt2-4c.txt.gz
Approx 45% complete for Wt2-4c.txt.gz
Approx 50% complete for Wt2-4c.txt.gz
Approx 55% complete for Wt2-4c.txt.gz
Approx 60% complete for Wt2-4c.txt.gz
Approx 65% complete for Wt2-4c.txt.gz
Approx 70% complete for Wt2-4c.txt.gz
Approx 75% complete for Wt2-4c.txt.gz
Approx 80% complete for Wt2-4c.txt.gz
Approx 85% complete for Wt2-4c.txt.gz
Approx 90% complete for Wt2-4c.txt.gz
Approx 95% complete for Wt2-4c.txt.gz
Started analysis of Wt2-5a.txt.gz
Approx 5% complete for Wt2-5a.txt.gz
Approx 10% complete for Wt2-5a.txt.gz
Approx 15% complete for Wt2-5a.txt.gz
Approx 20% complete for Wt2-5a.txt.gz
Approx 25% complete for Wt2-5a.txt.gz
Approx 30% complete for Wt2-5a.txt.gz
Approx 35% complete for Wt2-5a.txt.gz
Approx 40% complete for Wt2-5a.txt.gz
Approx 45% complete for Wt2-5a.txt.gz
Approx 50% complete for Wt2-5a.txt.gz
Approx 55% complete for Wt2-5a.txt.gz
Approx 60% complete for Wt2-5a.txt.gz
Approx 65% complete for Wt2-5a.txt.gz
Approx 70% complete for Wt2-5a.txt.gz
Approx 75% complete for Wt2-5a.txt.gz
Approx 80% complete for Wt2-5a.txt.gz
Approx 85% complete for Wt2-5a.txt.gz
Approx 90% complete for Wt2-5a.txt.gz
Approx 95% complete for Wt2-5a.txt.gz
Started analysis of Wt2-5b.txt.gz
Approx 5% complete for Wt2-5b.txt.gz
Approx 10% complete for Wt2-5b.txt.gz
Approx 15% complete for Wt2-5b.txt.gz
Approx 20% complete for Wt2-5b.txt.gz
Approx 25% complete for Wt2-5b.txt.gz
Approx 30% complete for Wt2-5b.txt.gz
Approx 35% complete for Wt2-5b.txt.gz
Approx 40% complete for Wt2-5b.txt.gz
Approx 45% complete for Wt2-5b.txt.gz
Approx 50% complete for Wt2-5b.txt.gz
Approx 55% complete for Wt2-5b.txt.gz
Approx 60% complete for Wt2-5b.txt.gz
Approx 65% complete for Wt2-5b.txt.gz
Approx 70% complete for Wt2-5b.txt.gz
Approx 75% complete for Wt2-5b.txt.gz
Approx 80% complete for Wt2-5b.txt.gz
Approx 85% complete for Wt2-5b.txt.gz
Approx 90% complete for Wt2-5b.txt.gz
Approx 95% complete for Wt2-5b.txt.gz
Started analysis of Wt2-5c.txt.gz
Approx 5% complete for Wt2-5c.txt.gz
Approx 10% complete for Wt2-5c.txt.gz
Approx 15% complete for Wt2-5c.txt.gz
Approx 20% complete for Wt2-5c.txt.gz
Approx 25% complete for Wt2-5c.txt.gz
Approx 30% complete for Wt2-5c.txt.gz
Approx 35% complete for Wt2-5c.txt.gz
Approx 40% complete for Wt2-5c.txt.gz
Approx 45% complete for Wt2-5c.txt.gz
Approx 50% complete for Wt2-5c.txt.gz
Approx 55% complete for Wt2-5c.txt.gz
Approx 60% complete for Wt2-5c.txt.gz
Approx 65% complete for Wt2-5c.txt.gz
Approx 70% complete for Wt2-5c.txt.gz
Approx 75% complete for Wt2-5c.txt.gz
Approx 80% complete for Wt2-5c.txt.gz
Approx 85% complete for Wt2-5c.txt.gz
Approx 90% complete for Wt2-5c.txt.gz
Approx 95% complete for Wt2-5c.txt.gz
Started analysis of Wt2-6a.txt.gz
Approx 5% complete for Wt2-6a.txt.gz
Approx 10% complete for Wt2-6a.txt.gz
Approx 15% complete for Wt2-6a.txt.gz
Approx 20% complete for Wt2-6a.txt.gz
Approx 25% complete for Wt2-6a.txt.gz
Approx 30% complete for Wt2-6a.txt.gz
Approx 35% complete for Wt2-6a.txt.gz
Approx 40% complete for Wt2-6a.txt.gz
Approx 45% complete for Wt2-6a.txt.gz
Approx 50% complete for Wt2-6a.txt.gz
Approx 55% complete for Wt2-6a.txt.gz
Approx 60% complete for Wt2-6a.txt.gz
Approx 65% complete for Wt2-6a.txt.gz
Approx 70% complete for Wt2-6a.txt.gz
Approx 75% complete for Wt2-6a.txt.gz
Approx 80% complete for Wt2-6a.txt.gz
Approx 85% complete for Wt2-6a.txt.gz
Approx 90% complete for Wt2-6a.txt.gz
Approx 95% complete for Wt2-6a.txt.gz
Started analysis of Wt2-6b.txt.gz
Approx 5% complete for Wt2-6b.txt.gz
Approx 10% complete for Wt2-6b.txt.gz
Approx 15% complete for Wt2-6b.txt.gz
Approx 20% complete for Wt2-6b.txt.gz
Approx 25% complete for Wt2-6b.txt.gz
Approx 30% complete for Wt2-6b.txt.gz
Approx 35% complete for Wt2-6b.txt.gz
Approx 40% complete for Wt2-6b.txt.gz
Approx 45% complete for Wt2-6b.txt.gz
Approx 50% complete for Wt2-6b.txt.gz
Approx 55% complete for Wt2-6b.txt.gz
Approx 60% complete for Wt2-6b.txt.gz
Approx 65% complete for Wt2-6b.txt.gz
Approx 70% complete for Wt2-6b.txt.gz
Approx 75% complete for Wt2-6b.txt.gz
Approx 80% complete for Wt2-6b.txt.gz
Approx 85% complete for Wt2-6b.txt.gz
Approx 90% complete for Wt2-6b.txt.gz
Approx 95% complete for Wt2-6b.txt.gz
Started analysis of Wt2-6c.txt.gz
Approx 5% complete for Wt2-6c.txt.gz
Approx 10% complete for Wt2-6c.txt.gz
Approx 15% complete for Wt2-6c.txt.gz
Approx 20% complete for Wt2-6c.txt.gz
Approx 25% complete for Wt2-6c.txt.gz
Approx 30% complete for Wt2-6c.txt.gz
Approx 35% complete for Wt2-6c.txt.gz
Approx 40% complete for Wt2-6c.txt.gz
Approx 45% complete for Wt2-6c.txt.gz
Approx 50% complete for Wt2-6c.txt.gz
Approx 55% complete for Wt2-6c.txt.gz
Approx 60% complete for Wt2-6c.txt.gz
Approx 65% complete for Wt2-6c.txt.gz
Approx 70% complete for Wt2-6c.txt.gz
Approx 75% complete for Wt2-6c.txt.gz
Approx 80% complete for Wt2-6c.txt.gz
Approx 85% complete for Wt2-6c.txt.gz
Approx 90% complete for Wt2-6c.txt.gz
Approx 95% complete for Wt2-6c.txt.gz
