Sender: LSF System <lsfadmin@n283>
Subject: Job 23131830: <gatk_HCwrapper_pdam> in cluster <mk2> Done

Job <gatk_HCwrapper_pdam> was submitted from host <n295> by user <m.connelly> in cluster <mk2>.
Job was executed on host(s) <8*n283>, in queue <general>, as user <m.connelly> in cluster <mk2>.
</nethome/m.connelly> was used as the home directory.
</scratch/projects/transcriptomics/mikeconnelly/projects/EAPSI_Pocillopora_AxH> was used as the working directory.
Started at Tue Dec 10 10:24:39 2019
Results reported on Tue Dec 10 10:24:41 2019

Your job looked like:

------------------------------------------------------------
# LSBATCH: User input
#!/bin/bash
#./bash/gatk_HCwrapper_Pdam.sh
#purpose: call haplotype variants for EAPSI SNP phylotranscriptomics analysis
#To start this job from the EAPSI_Pocillopora_AxH directory, use:
#bsub -P transcriptomics < ./bash/gatk_HCwrapper_Pdam.sh

#BSUB -J gatk_HCwrapper_pdam
#BSUB -q general
#BSUB -P transcriptomics
#BSUB -o gatk_HC_pdam%J.out
#BSUB -e gatk_HC_pdam%J.err
#BSUB -n 8
#BSUB -u m.connelly1@umiami.edu

#specify variable containing sequence file prefixes and directory paths
mcs="/scratch/projects/transcriptomics/mikeconnelly"
prodir="/scratch/projects/transcriptomics/mikeconnelly/projects/EAPSI_Pocillopora_AxH"
exp="AxH"
EAPSIsamples="Wt1-1a Wt1-1b Wt1-1c Wt1-4a Wt1-4b Wt1-4c Wt1-5a Wt1-5b Wt1-5c Wt1-6a Wt1-6b Wt1-6c Wt2-1a Wt2-1b Wt2-1c Wt2-4a Wt2-4b Wt2-4c Wt2-5a Wt2-5b Wt2-5c Wt2-6a Wt2-6b Wt2-6c Hw1-1a Hw1-1b Hw1-1c Hw1-4a Hw1-4b Hw1-4c Hw1-5a Hw1-5b Hw1-5c Hw1-6a Hw1-6b Hw1-6c Hw2-1a Hw2-1b Hw2-1c Hw2-4a Hw2-4b Hw2-4c Hw2-5a Hw2-5b Hw2-5c Hw2-6b Hw2-6c"

#lets me know which files are being processed
echo "These are the bam files to be processed : $EAPSIsamples"

#loop to automate generation of scripts to direct sample variant calling
for EAPSIsample in $EAPSIsamples
do \
echo "Calling variants in ${EAPSIsample}"
#   input BSUB commands
echo '#!/bin/bash' > "${prodir}"/bash/jobs/"${EAPSIsample}"_gatkHC_pdam.job
echo '#BSUB -q bigmem' >> "${prodir}"/bash/jobs/"${EAPSIsample}"_gatkHC_pdam.job
echo '#BSUB -J '"${EAPSIsample}"_gatkHC_pdam'' >> "${prodir}"/bash/jobs/"${EAPSIsample}"_gatkHC_pdam.job
echo '#BSUB -o '"${prodir}"/outputs/logfiles/"$EAPSIsample"gatkHC_pdam%J.out'' >> "${prodir}"/bash/jobs/"${EAPSIsample}"_gatkHC_pdam.job
echo '#BSUB -e '"${prodir}"/outputs/errorfiles/"$EAPSIsample"gatkHC_pdam%J.err'' >> "${prodir}"/bash/jobs/"${EAPSIsample}"_gatkHC_pdam.job
echo '#BSUB -n 8' >> "${prodir}"/bash/jobs/"${EAPSIsample}"_gatkHC_pdam.job
echo '#BSUB -W 4:00' >> "${prodir}"/bash/jobs/"${EAPSIsample}"_gatkHC_pdam.job

#input command to run GATK HaplotypeCaller
#-ERC GVCF \
#-variant_index_type LINEAR -variant_index_parameter 128000 \
#-G Standard
echo java \
-jar /share/apps/GATK/3.4.0/GenomeAnalysisTK.jar \
-T HaplotypeCaller \
-I ${prodir}/outputs/phylotrans_Pdam/${EAPSIsample}_PdamAligned.sorted.out.md.rg.splitN.bam \
-o ${prodir}/outputs/phylotrans_Pdam/${EAPSIsample}.g.vcf.gz \
-R ${mcs}/sequences/genomes/coral/pocillopora/pdam_genome.fasta \
-stand_call_conf 20.0 \
-dontUseSoftClippedBases >> "${prodir}"/bash/jobs/"${EAPSIsample}"_gatkHC_pdam.job

#lets me know file is done

(... more ...)
------------------------------------------------------------

Successfully completed.

Resource usage summary:

    CPU time :                                   0.93 sec.
    Max Memory :                                 2 MB
    Average Memory :                             2.00 MB
    Total Requested Memory :                     12000.00 MB
    Delta Memory :                               11998.00 MB
    Max Swap :                                   228 MB
    Max Processes :                              3
    Max Threads :                                4

The output (if any) follows:

These are the bam files to be processed : Wt1-1a Wt1-1b Wt1-1c Wt1-4a Wt1-4b Wt1-4c Wt1-5a Wt1-5b Wt1-5c Wt1-6a Wt1-6b Wt1-6c Wt2-1a Wt2-1b Wt2-1c Wt2-4a Wt2-4b Wt2-4c Wt2-5a Wt2-5b Wt2-5c Wt2-6a Wt2-6b Wt2-6c Hw1-1a Hw1-1b Hw1-1c Hw1-4a Hw1-4b Hw1-4c Hw1-5a Hw1-5b Hw1-5c Hw1-6a Hw1-6b Hw1-6c Hw2-1a Hw2-1b Hw2-1c Hw2-4a Hw2-4b Hw2-4c Hw2-5a Hw2-5b Hw2-5c Hw2-6b Hw2-6c
Calling variants in Wt1-1a
GATK HaplotypeCaller script of Wt1-1a submitted
Job <23131831> is submitted to queue <bigmem>.
Calling variants in Wt1-1b
GATK HaplotypeCaller script of Wt1-1b submitted
Job <23131832> is submitted to queue <bigmem>.
Calling variants in Wt1-1c
GATK HaplotypeCaller script of Wt1-1c submitted
Job <23131833> is submitted to queue <bigmem>.
Calling variants in Wt1-4a
GATK HaplotypeCaller script of Wt1-4a submitted
Job <23131834> is submitted to queue <bigmem>.
Calling variants in Wt1-4b
GATK HaplotypeCaller script of Wt1-4b submitted
Job <23131835> is submitted to queue <bigmem>.
Calling variants in Wt1-4c
GATK HaplotypeCaller script of Wt1-4c submitted
Job <23131836> is submitted to queue <bigmem>.
Calling variants in Wt1-5a
GATK HaplotypeCaller script of Wt1-5a submitted
Job <23131837> is submitted to queue <bigmem>.
Calling variants in Wt1-5b
GATK HaplotypeCaller script of Wt1-5b submitted
Job <23131838> is submitted to queue <bigmem>.
Calling variants in Wt1-5c
GATK HaplotypeCaller script of Wt1-5c submitted
Job <23131839> is submitted to queue <bigmem>.
Calling variants in Wt1-6a
GATK HaplotypeCaller script of Wt1-6a submitted
Job <23131840> is submitted to queue <bigmem>.
Calling variants in Wt1-6b
GATK HaplotypeCaller script of Wt1-6b submitted
Job <23131841> is submitted to queue <bigmem>.
Calling variants in Wt1-6c
GATK HaplotypeCaller script of Wt1-6c submitted
Job <23131842> is submitted to queue <bigmem>.
Calling variants in Wt2-1a
GATK HaplotypeCaller script of Wt2-1a submitted
Job <23131843> is submitted to queue <bigmem>.
Calling variants in Wt2-1b
GATK HaplotypeCaller script of Wt2-1b submitted
Job <23131844> is submitted to queue <bigmem>.
Calling variants in Wt2-1c
GATK HaplotypeCaller script of Wt2-1c submitted
Job <23131845> is submitted to queue <bigmem>.
Calling variants in Wt2-4a
GATK HaplotypeCaller script of Wt2-4a submitted
Job <23131846> is submitted to queue <bigmem>.
Calling variants in Wt2-4b
GATK HaplotypeCaller script of Wt2-4b submitted
Job <23131847> is submitted to queue <bigmem>.
Calling variants in Wt2-4c
GATK HaplotypeCaller script of Wt2-4c submitted
Job <23131848> is submitted to queue <bigmem>.
Calling variants in Wt2-5a
GATK HaplotypeCaller script of Wt2-5a submitted
Job <23131849> is submitted to queue <bigmem>.
Calling variants in Wt2-5b
GATK HaplotypeCaller script of Wt2-5b submitted
Job <23131850> is submitted to queue <bigmem>.
Calling variants in Wt2-5c
GATK HaplotypeCaller script of Wt2-5c submitted
Job <23131851> is submitted to queue <bigmem>.
Calling variants in Wt2-6a
GATK HaplotypeCaller script of Wt2-6a submitted
Job <23131852> is submitted to queue <bigmem>.
Calling variants in Wt2-6b
GATK HaplotypeCaller script of Wt2-6b submitted
Job <23131853> is submitted to queue <bigmem>.
Calling variants in Wt2-6c
GATK HaplotypeCaller script of Wt2-6c submitted
Job <23131854> is submitted to queue <bigmem>.
Calling variants in Hw1-1a
GATK HaplotypeCaller script of Hw1-1a submitted
Job <23131855> is submitted to queue <bigmem>.
Calling variants in Hw1-1b
GATK HaplotypeCaller script of Hw1-1b submitted
Job <23131856> is submitted to queue <bigmem>.
Calling variants in Hw1-1c
GATK HaplotypeCaller script of Hw1-1c submitted
Job <23131857> is submitted to queue <bigmem>.
Calling variants in Hw1-4a
GATK HaplotypeCaller script of Hw1-4a submitted
Job <23131858> is submitted to queue <bigmem>.
Calling variants in Hw1-4b
GATK HaplotypeCaller script of Hw1-4b submitted
Job <23131859> is submitted to queue <bigmem>.
Calling variants in Hw1-4c
GATK HaplotypeCaller script of Hw1-4c submitted
Job <23131860> is submitted to queue <bigmem>.
Calling variants in Hw1-5a
GATK HaplotypeCaller script of Hw1-5a submitted
Job <23131861> is submitted to queue <bigmem>.
Calling variants in Hw1-5b
GATK HaplotypeCaller script of Hw1-5b submitted
Job <23131862> is submitted to queue <bigmem>.
Calling variants in Hw1-5c
GATK HaplotypeCaller script of Hw1-5c submitted
Job <23131863> is submitted to queue <bigmem>.
Calling variants in Hw1-6a
GATK HaplotypeCaller script of Hw1-6a submitted
Job <23131864> is submitted to queue <bigmem>.
Calling variants in Hw1-6b
GATK HaplotypeCaller script of Hw1-6b submitted
Job <23131865> is submitted to queue <bigmem>.
Calling variants in Hw1-6c
GATK HaplotypeCaller script of Hw1-6c submitted
Job <23131866> is submitted to queue <bigmem>.
Calling variants in Hw2-1a
GATK HaplotypeCaller script of Hw2-1a submitted
Job <23131867> is submitted to queue <bigmem>.
Calling variants in Hw2-1b
GATK HaplotypeCaller script of Hw2-1b submitted
Job <23131868> is submitted to queue <bigmem>.
Calling variants in Hw2-1c
GATK HaplotypeCaller script of Hw2-1c submitted
Job <23131869> is submitted to queue <bigmem>.
Calling variants in Hw2-4a
GATK HaplotypeCaller script of Hw2-4a submitted
Job <23131870> is submitted to queue <bigmem>.
Calling variants in Hw2-4b
GATK HaplotypeCaller script of Hw2-4b submitted
Job <23131871> is submitted to queue <bigmem>.
Calling variants in Hw2-4c
GATK HaplotypeCaller script of Hw2-4c submitted
Job <23131872> is submitted to queue <bigmem>.
Calling variants in Hw2-5a
GATK HaplotypeCaller script of Hw2-5a submitted
Job <23131873> is submitted to queue <bigmem>.
Calling variants in Hw2-5b
GATK HaplotypeCaller script of Hw2-5b submitted
Job <23131874> is submitted to queue <bigmem>.
Calling variants in Hw2-5c
GATK HaplotypeCaller script of Hw2-5c submitted
Job <23131875> is submitted to queue <bigmem>.
Calling variants in Hw2-6b
GATK HaplotypeCaller script of Hw2-6b submitted
Job <23131876> is submitted to queue <bigmem>.
Calling variants in Hw2-6c
GATK HaplotypeCaller script of Hw2-6c submitted
Job <23131877> is submitted to queue <bigmem>.


PS:

Read file <gatk_HC_pdam23131830.err> for stderr output of this job.

