Sender: LSF System <lsfadmin@n295>
Subject: Job 23131702: <gatk_BSQR_pdam> in cluster <mk2> Done

Job <gatk_BSQR_pdam> was submitted from host <n136> by user <m.connelly> in cluster <mk2>.
Job was executed on host(s) <8*n295>, in queue <general>, as user <m.connelly> in cluster <mk2>.
</nethome/m.connelly> was used as the home directory.
</scratch/projects/transcriptomics/mikeconnelly/projects/EAPSI_Pocillopora_AxH> was used as the working directory.
Started at Mon Dec  9 19:53:33 2019
Results reported on Mon Dec  9 19:58:24 2019

Your job looked like:

------------------------------------------------------------
# LSBATCH: User input
#!/bin/bash
#./bash/gatk_BSQR_Pdam.sh
#purpose: Base Quality Recalibration preprocessing for bam files
#To start this job from the EAPSI_Pocillopora_AxH directory, use:
#bsub -P transcriptomics < ./bash/gatk_BSQR_Pdam.sh

#BSUB -J gatk_BSQR_pdam
#BSUB -q general
#BSUB -P transcriptomics
#BSUB -o gatk_BSQR_pdam%J.out
#BSUB -e gatk_BSQR_pdam%J.err
#BSUB -n 8
#BSUB -u m.connelly1@umiami.edu

#specify variable containing sequence file prefixes and directory paths
mcs="/scratch/projects/transcriptomics/mikeconnelly"
prodir="/scratch/projects/transcriptomics/mikeconnelly/projects/EAPSI_Pocillopora_AxH"
exp="AxH"
EAPSIsamples="Wt1-1a Wt1-1b Wt1-1c Wt1-4a Wt1-4b Wt1-4c Wt1-5a Wt1-5b Wt1-5c Wt1-6a Wt1-6b Wt1-6c Wt2-1a Wt2-1b Wt2-1c Wt2-4a Wt2-4b Wt2-4c Wt2-5a Wt2-5b Wt2-5c Wt2-6a Wt2-6b Wt2-6c Hw1-1a Hw1-1b Hw1-1c Hw1-4a Hw1-4b Hw1-4c Hw1-5a Hw1-5b Hw1-5c Hw1-6a Hw1-6b Hw1-6c Hw2-1a Hw2-1b Hw2-1c Hw2-4a Hw2-4b Hw2-4c Hw2-5a Hw2-5b Hw2-5c Hw2-6b Hw2-6c"

#lets me know which files are being processed
echo "These are the bam files to be processed : $EAPSIsamples"
#--filter_reads_with_N_cigar
for EAPSIsample in $EAPSIsamples
do \
java \
-jar /share/apps/GATK/3.4.0/GenomeAnalysisTK.jar \
-T BaseRecalibrator \
-R ${mcs}/sequences/genomes/coral/pocillopora/pdam_genome.fasta \
-I ${prodir}/outputs/phylotrans_Pdam/${EAPSIsample}_PdamAligned.sorted.out.md.rg.splitN.bam \
--known-sites sites_of_variation.vcf \
-o ${prodir}/outputs/phylotrans_Pdam/${EAPSIsample}_Pdam_recal_data.table.grp
done

for EAPSIsample in $EAPSIsamples
do \
java \
-jar /share/apps/GATK/3.4.0/GenomeAnalysisTK.jar \
-T ApplyBQSR \
-R ${mcs}/sequences/genomes/coral/pocillopora/pdam_genome.fasta \
-I ${prodir}/outputs/phylotrans_Pdam/${EAPSIsample}_PdamAligned.sorted.out.md.rg.splitN.bam \
--bqsr-recal-file ${prodir}/outputs/phylotrans_Pdam/${EAPSIsample}_Pdam_recal_data.table.grp \
-O ${prodir}/outputs/phylotrans_Pdam/${EAPSIsample}_PdamAligned.sorted.out.md.rg.splitN.BSQR.bam
done

for EAPSIsample in $EAPSIsamples
do \
java -jar /share/apps/GATK/3.4.0/GenomeAnalysisTK.jar \
-T PrintReads \
-R ${mcs}/sequences/genomes/coral/pocillopora/pdam_genome.fasta \

(... more ...)
------------------------------------------------------------

Successfully completed.

Resource usage summary:

    CPU time :                                   701.58 sec.
    Max Memory :                                 492 MB
    Average Memory :                             208.20 MB
    Total Requested Memory :                     12000.00 MB
    Delta Memory :                               11508.00 MB
    Max Swap :                                   6049 MB
    Max Processes :                              4
    Max Threads :                                39

The output (if any) follows:

These are the bam files to be processed : Wt1-1a Wt1-1b Wt1-1c Wt1-4a Wt1-4b Wt1-4c Wt1-5a Wt1-5b Wt1-5c Wt1-6a Wt1-6b Wt1-6c Wt2-1a Wt2-1b Wt2-1c Wt2-4a Wt2-4b Wt2-4c Wt2-5a Wt2-5b Wt2-5c Wt2-6a Wt2-6b Wt2-6c Hw1-1a Hw1-1b Hw1-1c Hw1-4a Hw1-4b Hw1-4c Hw1-5a Hw1-5b Hw1-5c Hw1-6a Hw1-6b Hw1-6c Hw2-1a Hw2-1b Hw2-1c Hw2-4a Hw2-4b Hw2-4c Hw2-5a Hw2-5b Hw2-5c Hw2-6b Hw2-6c
Job <23131703> is submitted to queue <general>.
Started next job in phylotranscriptomics pipeline: GATK HaplotypeCaller


PS:

Read file <gatk_BSQR_pdam23131702.err> for stderr output of this job.

