Sender: LSF System <lsfadmin@n212>
Subject: Job 23131434: <sort_pdam> in cluster <mk2> Done

Job <sort_pdam> was submitted from host <login4> by user <m.connelly> in cluster <mk2>.
Job was executed on host(s) <8*n212>, in queue <general>, as user <m.connelly> in cluster <mk2>.
</nethome/m.connelly> was used as the home directory.
</scratch/projects/transcriptomics/mikeconnelly/projects/EAPSI_Pocillopora_AxH> was used as the working directory.
Started at Mon Dec  9 13:13:45 2019
Results reported on Mon Dec  9 14:33:55 2019

Your job looked like:

------------------------------------------------------------
# LSBATCH: User input
#!/bin/bash
#./bash/phylotrans_start_samtools_Pdam.sh
#purpose: sort bam files by coordinate for downstream SNP processing
#To start this job from the EAPSI_Pocillopora_AxH directory, use:
#bsub -P transcriptomics < ./bash/phylotrans_start_samtools_Pdam.sh

#BSUB -J sort_pdam
#BSUB -q general
#BSUB -P transcriptomics
#BSUB -o sort_pdam%J.out
#BSUB -e sort_pdam%J.err
#BSUB -n 8
#BSUB -u m.connelly1@umiami.edu

#specify variable containing sequence file prefixes and directory paths
mcs="/scratch/projects/transcriptomics/mikeconnelly"
prodir="/scratch/projects/transcriptomics/mikeconnelly/projects/EAPSI_Pocillopora_AxH"
exp="AxH"
EAPSIsamples="Wt1-1a Wt1-1b Wt1-1c Wt1-4a Wt1-4b Wt1-4c Wt1-5a Wt1-5b Wt1-5c Wt1-6a Wt1-6b Wt1-6c Wt2-1a Wt2-1b Wt2-1c Wt2-4a Wt2-4b Wt2-4c Wt2-5a Wt2-5b Wt2-5c Wt2-6a Wt2-6b Wt2-6c Hw1-1a Hw1-1b Hw1-1c Hw1-4a Hw1-4b Hw1-4c Hw1-5a Hw1-5b Hw1-5c Hw1-6a Hw1-6b Hw1-6c Hw2-1a Hw2-1b Hw2-1c Hw2-4a Hw2-4b Hw2-4c Hw2-5a Hw2-5b Hw2-5c Hw2-6b Hw2-6c"

module load java/1.8.0_60
module load samtools/1.3

#lets me know which files are being processed
echo "These are the bam files to be processed : $EAPSIsamples"

#sort output bam files, all outputs now moved to phylotrans_Pdam directory
for EAPSIsample in $EAPSIsamples
do \
samtools sort \
${prodir}/outputs/STARalign_Pdam/${EAPSIsample}_PdamAligned.out.bam \
> ${prodir}/outputs/phylotrans_Pdam/${EAPSIsample}_PdamAligned.sorted.out.bam
done

#index sorted bam files
for EAPSIsample in $EAPSIsamples
do \
samtools index -b \
${prodir}/outputs/phylotrans_Pdam/${EAPSIsample}_PdamAligned.sorted.out.bam
done

bsub -P transcriptomics < ./bash/picardtools_MD_Pdam.sh
echo "Started next job in phylotranscriptomics pipeline: picard tools mark duplicates"

------------------------------------------------------------

Successfully completed.

Resource usage summary:

    CPU time :                                   4806.00 sec.
    Max Memory :                                 841 MB
    Average Memory :                             778.68 MB
    Total Requested Memory :                     12000.00 MB
    Delta Memory :                               11159.00 MB
    Max Swap :                                   1156 MB
    Max Processes :                              4
    Max Threads :                                6

The output (if any) follows:

These are the bam files to be processed : Wt1-1a Wt1-1b Wt1-1c Wt1-4a Wt1-4b Wt1-4c Wt1-5a Wt1-5b Wt1-5c Wt1-6a Wt1-6b Wt1-6c Wt2-1a Wt2-1b Wt2-1c Wt2-4a Wt2-4b Wt2-4c Wt2-5a Wt2-5b Wt2-5c Wt2-6a Wt2-6b Wt2-6c Hw1-1a Hw1-1b Hw1-1c Hw1-4a Hw1-4b Hw1-4c Hw1-5a Hw1-5b Hw1-5c Hw1-6a Hw1-6b Hw1-6c Hw2-1a Hw2-1b Hw2-1c Hw2-4a Hw2-4b Hw2-4c Hw2-5a Hw2-5b Hw2-5c Hw2-6b Hw2-6c
Job <23131453> is submitted to queue <general>.
Started next job in phylotranscriptomics pipeline: picard tools mark duplicates


PS:

Read file <sort_pdam23131434.err> for stderr output of this job.

