These are the samples to be processed:
Wt1-1a Wt1-1b Wt1-1c Wt1-4a Wt1-4b Wt1-4c Wt1-5a Wt1-5b Wt1-5c Wt1-6a Wt1-6b Wt1-6c Wt2-1a Wt2-1b Wt2-1c Wt2-4a Wt2-4b Wt2-4c Wt2-5a Wt2-5b Wt2-5c Wt2-6a Wt2-6b Wt2-6c Hw1-1a Hw1-1b Hw1-1c Hw1-4a Hw1-4b Hw1-4c Hw1-5a Hw1-5b Hw1-5c Hw1-6a Hw1-6b Hw1-6c Hw2-1a Hw2-1b Hw2-1c Hw2-4a Hw2-4b Hw2-4c Hw2-5a Hw2-5b Hw2-5c Hw2-6b Hw2-6c
Wt1-1a
Job <23131287> is submitted to queue <general>.
Wt1-1b
Job <23131288> is submitted to queue <general>.
Wt1-1c
Job <23131289> is submitted to queue <general>.
Wt1-4a
Job <23131290> is submitted to queue <general>.
Wt1-4b
Job <23131291> is submitted to queue <general>.
Wt1-4c
Job <23131292> is submitted to queue <general>.
Wt1-5a
Job <23131293> is submitted to queue <general>.
Wt1-5b
Job <23131294> is submitted to queue <general>.
Wt1-5c
Job <23131295> is submitted to queue <general>.
Wt1-6a
Job <23131296> is submitted to queue <general>.
Wt1-6b
Job <23131297> is submitted to queue <general>.
Wt1-6c
Job <23131298> is submitted to queue <general>.
Wt2-1a
Job <23131299> is submitted to queue <general>.
Wt2-1b
Job <23131300> is submitted to queue <general>.
Wt2-1c
Job <23131301> is submitted to queue <general>.
Wt2-4a
Job <23131302> is submitted to queue <general>.
Wt2-4b
Job <23131303> is submitted to queue <general>.
Wt2-4c
Job <23131304> is submitted to queue <general>.
Wt2-5a
Job <23131305> is submitted to queue <general>.
Wt2-5b
Job <23131306> is submitted to queue <general>.
Wt2-5c
Job <23131307> is submitted to queue <general>.
Wt2-6a
Job <23131308> is submitted to queue <general>.
Wt2-6b
Job <23131309> is submitted to queue <general>.
Wt2-6c
Job <23131310> is submitted to queue <general>.
Hw1-1a
Job <23131311> is submitted to queue <general>.
Hw1-1b
Job <23131312> is submitted to queue <general>.
Hw1-1c
Job <23131313> is submitted to queue <general>.
Hw1-4a
Job <23131314> is submitted to queue <general>.
Hw1-4b
Job <23131315> is submitted to queue <general>.
Hw1-4c
Job <23131316> is submitted to queue <general>.
Hw1-5a
Job <23131317> is submitted to queue <general>.
Hw1-5b
Job <23131318> is submitted to queue <general>.
Hw1-5c
Job <23131319> is submitted to queue <general>.
Hw1-6a
Job <23131320> is submitted to queue <general>.
Hw1-6b
Job <23131321> is submitted to queue <general>.
Hw1-6c
Job <23131322> is submitted to queue <general>.
Hw2-1a
Job <23131323> is submitted to queue <general>.
Hw2-1b
Job <23131324> is submitted to queue <general>.
Hw2-1c
Job <23131325> is submitted to queue <general>.
Hw2-4a
Job <23131326> is submitted to queue <general>.
Hw2-4b
Job <23131327> is submitted to queue <general>.
Hw2-4c
Job <23131328> is submitted to queue <general>.
Hw2-5a
Job <23131329> is submitted to queue <general>.
Hw2-5b
Job <23131330> is submitted to queue <general>.
Hw2-5c
Job <23131331> is submitted to queue <general>.
Hw2-6b
Job <23131332> is submitted to queue <general>.
Hw2-6c
Job <23131333> is submitted to queue <general>.
